<?xml version="1.0" encoding="UTF-8"?>
<!-- Generated by org.testng.reporters.JUnitReportReporter -->
<testsuite skipped="0" hostname="LAPTOP-FUGSLUJ2" name="com.leaftaps.ui.tests.CreateLead_Positive" tests="3" failures="0" timestamp="2022-08-15T19:44:32 IST" time="52.859" errors="0">
  <testcase name="tc002" time="15.207" classname="com.leaftaps.ui.tests.CreateLead_Positive"/>
  <system-out/>
  <testcase name="tc002" time="21.149" classname="com.leaftaps.ui.tests.CreateLead_Positive"/>
  <system-out/>
  <testcase name="tc002" time="16.503" classname="com.leaftaps.ui.tests.CreateLead_Positive"/>
  <system-out/>
</testsuite> <!-- com.leaftaps.ui.tests.CreateLead_Positive -->
